<?xml version="1.0" encoding="UTF-8"?>
<!-- Generated by org.testng.reporters.JUnitReportReporter -->
<testsuite hostname="apples-MacBook-Pro.local" failures="0" tests="1" name="AppiumLearning.GeneralStoreTestcase4_hybrid" time="31.502" errors="0" timestamp="2023-09-05T01:58:22 IST" skipped="0">
  <testcase classname="AppiumLearning.GeneralStoreTestcase4_hybrid" name="GeneralStoreTestcase3test" time="31.502"/>
</testsuite> <!-- AppiumLearning.GeneralStoreTestcase4_hybrid -->
