<?xml version="1.0" encoding="UTF-8"?>
<!-- Generated by org.testng.reporters.JUnitReportReporter -->
<testsuite hostname="apples-MacBook-Pro.local" failures="0" tests="1" name="AppiumLearning.GeneralStoreTestcase4_hybrid" time="43.535" errors="0" timestamp="2023-09-04T00:25:13 IST" skipped="0">
  <testcase classname="AppiumLearning.GeneralStoreTestcase4_hybrid" name="GeneralStoreTestcase3test" time="43.535"/>
</testsuite> <!-- AppiumLearning.GeneralStoreTestcase4_hybrid -->
