<?xml version="1.0" encoding="UTF-8"?>
<!-- Generated by org.testng.reporters.JUnitReportReporter -->
<testsuite hostname="apples-MacBook-Pro.local" failures="0" tests="1" name="AppiumLearning.GeneralStoreTestcase4_hybrid" time="45.275" errors="0" timestamp="2023-09-03T16:39:26 IST" skipped="0">
  <testcase classname="AppiumLearning.GeneralStoreTestcase4_hybrid" name="GeneralStoreTestcase3test" time="45.275"/>
</testsuite> <!-- AppiumLearning.GeneralStoreTestcase4_hybrid -->
